Build started 2013/9/4 上午 11:00:57.
     1>Project "C:\Users\oolab\documents\visual studio 2010\Projects\Free_Flow_sol\Free_Flow_sol\Free_Flow_sol.vcxproj" on node 2 (build target(s)).
     1>InitializeBuildStatus:
         Creating "Release\Free_Flow_sol.unsuccessfulbuild" because "AlwaysCreate" was specified.
       ClCompile:
         All outputs are up-to-date.
         C:\Program Files (x86)\Microsoft Visual Studio 10.0\VC\bin\CL.exe /c /Zi /nologo /W3 /WX- /O2 /Oi /Oy- /GL /D WIN32 /D NDEBUG /D _CONSOLE /D _UNICODE /D UNICODE /Gm- /EHsc /MD /GS /Gy /fp:precise /Zc:wchar_t /Zc:forScope /Yu"StdAfx.h" /Fp"Release\Free_Flow_sol.pch" /Fo"Release\\" /Fd"Release\vc100.pdb" /Gd /TP /analyze- /errorReport:prompt Free_Flow_sol.cpp
         Free_Flow_sol.cpp
       Link:
         C:\Program Files (x86)\Microsoft Visual Studio 10.0\VC\bin\link.exe /ERRORREPORT:PROMPT /OUT:"C:\Users\oolab\documents\visual studio 2010\Projects\Free_Flow_sol\Release\Free_Flow_sol.exe" /INCREMENTAL:NO /NOLOGO kernel32.lib user32.lib gdi32.lib winspool.lib comdlg32.lib advapi32.lib shell32.lib ole32.lib oleaut32.lib uuid.lib odbc32.lib odbccp32.lib /MANIFEST /ManifestFile:"Release\Free_Flow_sol.exe.intermediate.manifest" /MANIFESTUAC:"level='asInvoker' uiAccess='false'" /DEBUG /PDB:"C:\Users\oolab\documents\visual studio 2010\Projects\Free_Flow_sol\Release\Free_Flow_sol.pdb" /SUBSYSTEM:CONSOLE /OPT:REF /OPT:ICF /LTCG /TLBID:1 /DYNAMICBASE /NXCOMPAT /IMPLIB:"C:\Users\oolab\documents\visual studio 2010\Projects\Free_Flow_sol\Release\Free_Flow_sol.lib" /MACHINE:X86 Release\Free_Flow_sol.obj
         Release\stdafx.obj
         Generating code
         Finished generating code
         Free_Flow_sol.vcxproj -> C:\Users\oolab\documents\visual studio 2010\Projects\Free_Flow_sol\Release\Free_Flow_sol.exe
       Manifest:
         C:\Program Files (x86)\Microsoft SDKs\Windows\v7.0A\bin\mt.exe /nologo /verbose /outputresource:"C:\Users\oolab\documents\visual studio 2010\Projects\Free_Flow_sol\Release\Free_Flow_sol.exe;#1" /manifest Release\Free_Flow_sol.exe.intermediate.manifest
       FinalizeBuildStatus:
         Deleting file "Release\Free_Flow_sol.unsuccessfulbuild".
         Touching "Release\Free_Flow_sol.lastbuildstate".
     1>Done Building Project "C:\Users\oolab\documents\visual studio 2010\Projects\Free_Flow_sol\Free_Flow_sol\Free_Flow_sol.vcxproj" (build target(s)).

Build succeeded.

Time Elapsed 00:00:02.14
