Build started 2013/9/3 下午 06:05:24.
     1>Project "C:\Users\oolab\documents\visual studio 2010\Projects\Free_Flow_sol\Free_Flow_sol\Free_Flow_sol.vcxproj" on node 2 (build target(s)).
     1>InitializeBuildStatus:
         Touching "Debug\Free_Flow_sol.unsuccessfulbuild".
       ClCompile:
         All outputs are up-to-date.
         C:\Program Files (x86)\Microsoft Visual Studio 10.0\VC\bin\CL.exe /c /ZI /nologo /W3 /WX- /Od /Oy- /D WIN32 /D _DEBUG /D _CONSOLE /D _UNICODE /D UNICODE /Gm /EHsc /RTC1 /MDd /GS /fp:precise /Zc:wchar_t /Zc:forScope /Yu"StdAfx.h" /Fp"Debug\Free_Flow_sol.pch" /Fo"Debug\\" /Fd"Debug\vc100.pdb" /Gd /TP /analyze- /errorReport:prompt Free_Flow_sol.cpp
         Free_Flow_sol.cpp
       ManifestResourceCompile:
         All outputs are up-to-date.
       Link:
         C:\Program Files (x86)\Microsoft Visual Studio 10.0\VC\bin\link.exe /ERRORREPORT:PROMPT /OUT:"C:\Users\oolab\documents\visual studio 2010\Projects\Free_Flow_sol\Debug\Free_Flow_sol.exe" /INCREMENTAL /NOLOGO kernel32.lib user32.lib gdi32.lib winspool.lib comdlg32.lib advapi32.lib shell32.lib ole32.lib oleaut32.lib uuid.lib odbc32.lib odbccp32.lib /MANIFEST /ManifestFile:"Debug\Free_Flow_sol.exe.intermediate.manifest" /MANIFESTUAC:"level='asInvoker' uiAccess='false'" /DEBUG /PDB:"C:\Users\oolab\documents\visual studio 2010\Projects\Free_Flow_sol\Debug\Free_Flow_sol.pdb" /SUBSYSTEM:CONSOLE /TLBID:1 /DYNAMICBASE /NXCOMPAT /IMPLIB:"C:\Users\oolab\documents\visual studio 2010\Projects\Free_Flow_sol\Debug\Free_Flow_sol.lib" /MACHINE:X86 Debug\Free_Flow_sol.exe.embed.manifest.res
         Debug\Free_Flow_sol.obj
         Debug\stdafx.obj
       Manifest:
         C:\Program Files (x86)\Microsoft SDKs\Windows\v7.0A\bin\mt.exe /nologo /verbose /out:"Debug\Free_Flow_sol.exe.embed.manifest" /manifest Debug\Free_Flow_sol.exe.intermediate.manifest
         All outputs are up-to-date.
       LinkEmbedManifest:
         All outputs are up-to-date.
         Free_Flow_sol.vcxproj -> C:\Users\oolab\documents\visual studio 2010\Projects\Free_Flow_sol\Debug\Free_Flow_sol.exe
       FinalizeBuildStatus:
         Deleting file "Debug\Free_Flow_sol.unsuccessfulbuild".
         Touching "Debug\Free_Flow_sol.lastbuildstate".
     1>Done Building Project "C:\Users\oolab\documents\visual studio 2010\Projects\Free_Flow_sol\Free_Flow_sol\Free_Flow_sol.vcxproj" (build target(s)).

Build succeeded.

Time Elapsed 00:00:02.04
